<?xml version="1.0" encoding="UTF-8"?>
<!-- Generated by org.testng.reporters.JUnitReportReporter -->
<testsuite hostname="Felphex-PC" failures="0" tests="2" name="tests.LogInTest" time="63.714" errors="0" timestamp="2024-02-21T00:32:31 COT" skipped="0">
  <testcase classname="tests.LogInTest" name="testInvalidLogin" time="34.322"/>
  <testcase classname="tests.LogInTest" name="testValidLogin" time="29.392"/>
</testsuite> <!-- tests.LogInTest -->
